<?xml version="1.0" encoding="UTF-8"?>
<!-- Generated by org.testng.reporters.JUnitReportReporter -->
<testsuite hostname="INLEN8520065964" failures="0" tests="1" name="TestNg.Day2" time="0.002" errors="0" timestamp="2023-08-29T11:36:35 IST" skipped="0">
  <testcase classname="TestNg.Day2" name="personalLoan" time="0.002"/>
</testsuite> <!-- TestNg.Day2 -->
