<?xml version="1.0" encoding="UTF-8"?>
<!-- Generated by org.testng.reporters.JUnitReportReporter -->
<testsuite hostname="INLEN8520065964" failures="0" tests="7" name="TestNg.Day4" time="0.015" errors="0" timestamp="2023-08-28T17:16:52 IST" skipped="0">
  <testcase classname="TestNg.Day4" name="carloan" time="0.001"/>
  <testcase classname="TestNg.Day4" name="webLoginCarLoan" time="0.001"/>
  <testcase classname="TestNg.Day4" name="APIRestLogin" time="0.001"/>
  <testcase classname="TestNg.Day4" name="MobileLoginCarLoan" time="0.002"/>
  <testcase classname="TestNg.Day4" name="APIRestLogin" time="0.008"/>
  <testcase classname="TestNg.Day4" name="carloan" time="0.001"/>
  <testcase classname="TestNg.Day4" name="webLoginCarLoan" time="0.001"/>
</testsuite> <!-- TestNg.Day4 -->
