<?xml version="1.0" encoding="UTF-8"?>
<!-- Generated by org.testng.reporters.JUnitReportReporter -->
<testsuite hostname="INLEN8520065964" failures="0" tests="3" name="TestNg.DataProvider1" time="0.011" errors="0" timestamp="2023-08-30T13:59:16 IST" skipped="0">
  <testcase classname="TestNg.DataProvider1" name="login" time="0.009"/>
  <testcase classname="TestNg.DataProvider1" name="login" time="0.001"/>
  <testcase classname="TestNg.DataProvider1" name="login" time="0.001"/>
</testsuite> <!-- TestNg.DataProvider1 -->
