<?xml version="1.0" encoding="UTF-8"?>
<!-- Generated by org.testng.reporters.JUnitReportReporter -->
<testsuite hostname="INLEN8520065964" failures="0" tests="2" name="com.qa.TestClass.Test1" time="7.739" errors="0" timestamp="2023-09-09T22:22:28 IST" skipped="0">
  <testcase classname="com.qa.TestClass.Test1" name="validateEmailId" time="4.402"/>
  <testcase classname="com.qa.TestClass.Test1" name="validateTitle" time="3.337"/>
</testsuite> <!-- com.qa.TestClass.Test1 -->
