<?xml version="1.0" encoding="UTF-8"?>
<!-- Generated by org.testng.reporters.JUnitReportReporter -->
<testsuite hostname="INLEN8520065964" failures="0" tests="6" name="TestNg.Day4" time="0.008" errors="0" timestamp="2023-08-29T11:36:35 IST" skipped="0">
  <testcase classname="TestNg.Day4" name="MobileLogin" time="0.001"/>
  <testcase classname="TestNg.Day4" name="MobileLoginCarLoan" time="0.001"/>
  <testcase classname="TestNg.Day4" name="APIRestLogin" time="0.001"/>
  <testcase classname="TestNg.Day4" name="carloan" time="0.002"/>
  <testcase classname="TestNg.Day4" name="webLoginCarLoan" time="0.002"/>
  <testcase classname="TestNg.Day4" name="MobileLogout" time="0.001"/>
</testsuite> <!-- TestNg.Day4 -->
