<?xml version="1.0" encoding="UTF-8"?>
<!-- Generated by org.testng.reporters.JUnitReportReporter -->
<testsuite hostname="INLEN8520065964" failures="0" tests="2" name="TestNg.Day1" time="0.007" errors="0" timestamp="2023-08-28T12:46:39 IST" skipped="0">
  <testcase classname="TestNg.Day1" name="personalLoan" time="0.001"/>
  <testcase classname="TestNg.Day1" name="WebLoginpersonalloan" time="0.006"/>
</testsuite> <!-- TestNg.Day1 -->
