<?xml version="1.0" encoding="UTF-8"?>
<!-- Generated by org.testng.reporters.JUnitReportReporter -->
<testsuite hostname="INLEN8520065964" failures="0" tests="2" name="com.qa.TestClass.Test1" time="10.241" errors="0" timestamp="2023-08-28T16:21:51 IST" skipped="0">
  <testcase classname="com.qa.TestClass.Test1" name="validateEmailId" time="4.973"/>
  <testcase classname="com.qa.TestClass.Test1" name="validateTitle" time="5.268"/>
</testsuite> <!-- com.qa.TestClass.Test1 -->
