<?xml version="1.0" encoding="UTF-8"?>
<!-- Generated by org.testng.reporters.JUnitReportReporter -->
<testsuite hostname="INLEN8520065964" failures="0" tests="2" name="com.qa.TestClass.Test1" time="8.194" errors="0" timestamp="2023-09-02T13:02:57 IST" skipped="0">
  <testcase classname="com.qa.TestClass.Test1" name="validateEmailId" time="4.829"/>
  <testcase classname="com.qa.TestClass.Test1" name="validateTitle" time="3.365"/>
</testsuite> <!-- com.qa.TestClass.Test1 -->
