<?xml version="1.0" encoding="UTF-8"?>
<!-- Generated by org.testng.reporters.JUnitReportReporter -->
<testsuite hostname="INLEN8520065964" failures="0" tests="16" name="TestNg.Day4"
	time="0.018" errors="0" timestamp="2023-09-02T15:41:06 IST" skipped="4">
	<testcase classname="TestNg.Day4" name="MobilesignIn" time="0.000" />
	<testcase classname="TestNg.Day4" name="APIRestLogin" time="0.001" />
	<testcase classname="TestNg.Day4" name="MobileLoginCarLoan" time="0.001" />
	<testcase classname="TestNg.Day4" name="MobilesignIn" time="0.001" />
	<testcase classname="TestNg.Day4" name="carloan" time="0.001" />
	<testcase classname="TestNg.Day4" name="carloan" time="0.000" />
	<testcase classname="TestNg.Day4" name="APIRestLogin" time="0.001" />
	<testcase classname="TestNg.Day4" name="webLoginCarLoan" time="0.001" />
	<testcase classname="TestNg.Day4" name="MobileLoginCarLoan" time="0.002" />
	<testcase classname="TestNg.Day4" name="webLoginCarLoan" time="0.008" />
	<testcase classname="TestNg.Day4" name="MobileSignout" time="0.001" />
	<testcase classname="TestNg.Day4" name="MobileSignout" time="0.001" />
	<testcase classname="TestNg.Day4" name="MobileLogin">
		<skipped />
	</testcase> <!-- MobileLogin -->
	<testcase classname="TestNg.Day4" name="MobileLogout">
		<skipped />
	</testcase> <!-- MobileLogout -->
	<testcase classname="TestNg.Day4" name="MobileLogin">
		<skipped />
	</testcase> <!-- MobileLogin -->
	<testcase classname="TestNg.Day4" name="MobileLogout">
		<skipped />
	</testcase> <!-- MobileLogout -->
</testsuite> <!-- TestNg.Day4 -->
