<?xml version="1.0" encoding="UTF-8"?>
<!-- Generated by org.testng.reporters.JUnitReportReporter -->
<testsuite hostname="INLEN8520065964" failures="0" tests="2" name="com.qa.TestClass.Test1" time="6.400" errors="0" timestamp="2023-08-27T23:28:03 IST" skipped="0">
  <testcase classname="com.qa.TestClass.Test1" name="validateEmailId" time="3.626"/>
  <testcase classname="com.qa.TestClass.Test1" name="validateTitle" time="2.774"/>
</testsuite> <!-- com.qa.TestClass.Test1 -->
