<?xml version="1.0" encoding="UTF-8"?>
<!-- Generated by org.testng.reporters.JUnitReportReporter -->
<testsuite hostname="INLEN8520065964" failures="0" tests="2" name="TestNg.Day3" time="0.003" errors="0" timestamp="2023-08-29T11:36:35 IST" skipped="0">
  <testcase classname="TestNg.Day3" name="HomeLoan" time="0.001"/>
  <testcase classname="TestNg.Day3" name="webLoginHomeLoan" time="0.002"/>
</testsuite> <!-- TestNg.Day3 -->
