<?xml version="1.0" encoding="UTF-8"?>
<!-- Generated by org.testng.reporters.JUnitReportReporter -->
<testsuite hostname="INLEN8520065964" failures="0" tests="1" name="TestNg.Day2"
	time="0.001" errors="0" timestamp="2023-09-02T15:41:06 IST" skipped="0">
	<testcase classname="TestNg.Day2" name="personalLoan" time="0.001" />
</testsuite> <!--
TestNg.Day2 -->
