<?xml version="1.0" encoding="UTF-8"?>
<!-- Generated by org.testng.reporters.JUnitReportReporter -->
<testsuite hostname="INLEN8520065964" failures="0" tests="1" name="ExReports.ExtentsReports1" time="7.858" errors="0" timestamp="2023-09-08T22:24:52 IST" skipped="0">
  <testcase classname="ExReports.ExtentsReports1" name="DemoTest" time="7.858"/>
</testsuite> <!-- ExReports.ExtentsReports1 -->
