<?xml version="1.0" encoding="UTF-8"?>
<!-- Generated by org.testng.reporters.JUnitReportReporter -->
<testsuite hostname="INLEN8520065964" failures="0" tests="2" name="TestNg.Day1" time="0.011" errors="0" timestamp="2023-08-29T11:36:35 IST" skipped="0">
  <testcase classname="TestNg.Day1" name="personalLoan" time="0.002"/>
  <testcase classname="TestNg.Day1" name="WebLoginpersonalloan" time="0.009"/>
</testsuite> <!-- TestNg.Day1 -->
